Build started 19/01/2015 10:49:28 AM.
     1>Project "C:\Users\Creator\documents\visual studio 2010\Projects\Pokemon Engine\Pokemon Engine\Pokemon Engine.vcxproj" on node 2 (build target(s)).
     1>PrepareForBuild:
         Creating directory "C:\Users\Creator\documents\visual studio 2010\Projects\Pokemon Engine\Release\".
       InitializeBuildStatus:
         Creating "Release\Pokemon Engine.unsuccessfulbuild" because "AlwaysCreate" was specified.
       ClCompile:
         c:\Program Files (x86)\Microsoft Visual Studio 10.0\VC\bin\CL.exe /c /Zi /nologo /W3 /WX- /O2 /Oi /Oy- /GL /D WIN32 /D NDEBUG /D _CONSOLE /D _UNICODE /D UNICODE /Gm- /EHsc /MD /GS /Gy /fp:precise /Zc:wchar_t /Zc:forScope /Yc"StdAfx.h" /Fp"Release\Pokemon Engine.pch" /Fo"Release\\" /Fd"Release\vc100.pdb" /Gd /TP /analyze- /errorReport:prompt stdafx.cpp
         stdafx.cpp
         c:\Program Files (x86)\Microsoft Visual Studio 10.0\VC\bin\CL.exe /c /Zi /nologo /W3 /WX- /O2 /Oi /Oy- /GL /D WIN32 /D NDEBUG /D _CONSOLE /D _UNICODE /D UNICODE /Gm- /EHsc /MD /GS /Gy /fp:precise /Zc:wchar_t /Zc:forScope /Yu"StdAfx.h" /Fp"Release\Pokemon Engine.pch" /Fo"Release\\" /Fd"Release\vc100.pdb" /Gd /TP /analyze- /errorReport:prompt Graphics_Main.cpp move.cpp Overworld.cpp particle.cpp PartyMenu.cpp player.cpp "Pokemon Engine.cpp" Pokemon.cpp PokemonBattle.cpp PokemonSummaryScreen.cpp ScriptableObject.cpp text.cpp TileMap.cpp trainer.cpp type.cpp utils.cpp
         Graphics_Main.cpp
     1>c:\users\creator\documents\visual studio 2010\projects\pokemon engine\pokemon engine\graphics.h(4): fatal error C1083: Cannot open include file: 'SDL.h': No such file or directory
         move.cpp
     1>c:\users\creator\documents\visual studio 2010\projects\pokemon engine\pokemon engine\graphics.h(4): fatal error C1083: Cannot open include file: 'SDL.h': No such file or directory
         Overworld.cpp
     1>c:\users\creator\documents\visual studio 2010\projects\pokemon engine\pokemon engine\graphics.h(4): fatal error C1083: Cannot open include file: 'SDL.h': No such file or directory
         particle.cpp
     1>c:\users\creator\documents\visual studio 2010\projects\pokemon engine\pokemon engine\graphics.h(4): fatal error C1083: Cannot open include file: 'SDL.h': No such file or directory
         PartyMenu.cpp
     1>c:\users\creator\documents\visual studio 2010\projects\pokemon engine\pokemon engine\graphics.h(4): fatal error C1083: Cannot open include file: 'SDL.h': No such file or directory
         player.cpp
     1>c:\users\creator\documents\visual studio 2010\projects\pokemon engine\pokemon engine\graphics.h(4): fatal error C1083: Cannot open include file: 'SDL.h': No such file or directory
         Pokemon Engine.cpp
     1>c:\users\creator\documents\visual studio 2010\projects\pokemon engine\pokemon engine\graphics.h(4): fatal error C1083: Cannot open include file: 'SDL.h': No such file or directory
         Pokemon.cpp
     1>c:\users\creator\documents\visual studio 2010\projects\pokemon engine\pokemon engine\graphics.h(4): fatal error C1083: Cannot open include file: 'SDL.h': No such file or directory
         PokemonBattle.cpp
     1>c:\users\creator\documents\visual studio 2010\projects\pokemon engine\pokemon engine\graphics.h(4): fatal error C1083: Cannot open include file: 'SDL.h': No such file or directory
         PokemonSummaryScreen.cpp
     1>c:\users\creator\documents\visual studio 2010\projects\pokemon engine\pokemon engine\graphics.h(4): fatal error C1083: Cannot open include file: 'SDL.h': No such file or directory
         ScriptableObject.cpp
     1>c:\users\creator\documents\visual studio 2010\projects\pokemon engine\pokemon engine\graphics.h(4): fatal error C1083: Cannot open include file: 'SDL.h': No such file or directory
         text.cpp
     1>c:\users\creator\documents\visual studio 2010\projects\pokemon engine\pokemon engine\graphics.h(4): fatal error C1083: Cannot open include file: 'SDL.h': No such file or directory
         TileMap.cpp
     1>c:\users\creator\documents\visual studio 2010\projects\pokemon engine\pokemon engine\graphics.h(4): fatal error C1083: Cannot open include file: 'SDL.h': No such file or directory
         trainer.cpp
     1>c:\users\creator\documents\visual studio 2010\projects\pokemon engine\pokemon engine\graphics.h(4): fatal error C1083: Cannot open include file: 'SDL.h': No such file or directory
         type.cpp
         utils.cpp
     1>c:\users\creator\documents\visual studio 2010\projects\pokemon engine\pokemon engine\graphics.h(4): fatal error C1083: Cannot open include file: 'SDL.h': No such file or directory
     1>Done Building Project "C:\Users\Creator\documents\visual studio 2010\Projects\Pokemon Engine\Pokemon Engine\Pokemon Engine.vcxproj" (build target(s)) -- FAILED.

Build FAILED.

Time Elapsed 00:00:02.62
