C:\USERS\CREATOR\DOCUMENTS\VISUAL STUDIO 2010\PROJECTS\POKEMON ENGINE\DEBUG\POKEMON ENGINE.EXE
C:\USERS\CREATOR\DOCUMENTS\VISUAL STUDIO 2010\PROJECTS\POKEMON ENGINE\DEBUG\POKEMON ENGINE.ILK
C:\USERS\CREATOR\DOCUMENTS\VISUAL STUDIO 2010\PROJECTS\POKEMON ENGINE\DEBUG\POKEMON ENGINE.PDB
C:\Users\Creator\documents\visual studio 2010\Projects\Pokemon Engine\Pokemon Engine\Debug\cl.command.1.tlog
C:\Users\Creator\documents\visual studio 2010\Projects\Pokemon Engine\Pokemon Engine\Debug\CL.read.1.tlog
C:\Users\Creator\documents\visual studio 2010\Projects\Pokemon Engine\Pokemon Engine\Debug\CL.write.1.tlog
C:\USERS\CREATOR\DOCUMENTS\VISUAL STUDIO 2010\PROJECTS\POKEMON ENGINE\POKEMON ENGINE\DEBUG\GRAPHICS_MAIN.OBJ
C:\Users\Creator\documents\visual studio 2010\Projects\Pokemon Engine\Pokemon Engine\Debug\link.4184.read.1.tlog
C:\Users\Creator\documents\visual studio 2010\Projects\Pokemon Engine\Pokemon Engine\Debug\link.4184.write.1.tlog
C:\Users\Creator\documents\visual studio 2010\Projects\Pokemon Engine\Pokemon Engine\Debug\link.4184-cvtres.read.1.tlog
C:\Users\Creator\documents\visual studio 2010\Projects\Pokemon Engine\Pokemon Engine\Debug\link.4184-cvtres.write.1.tlog
C:\Users\Creator\documents\visual studio 2010\Projects\Pokemon Engine\Pokemon Engine\Debug\link.6320.read.1.tlog
C:\Users\Creator\documents\visual studio 2010\Projects\Pokemon Engine\Pokemon Engine\Debug\link.6320.write.1.tlog
C:\Users\Creator\documents\visual studio 2010\Projects\Pokemon Engine\Pokemon Engine\Debug\link.6320-cvtres.read.1.tlog
C:\Users\Creator\documents\visual studio 2010\Projects\Pokemon Engine\Pokemon Engine\Debug\link.6320-cvtres.write.1.tlog
C:\Users\Creator\documents\visual studio 2010\Projects\Pokemon Engine\Pokemon Engine\Debug\link.6932.read.1.tlog
C:\Users\Creator\documents\visual studio 2010\Projects\Pokemon Engine\Pokemon Engine\Debug\link.6932.write.1.tlog
C:\Users\Creator\documents\visual studio 2010\Projects\Pokemon Engine\Pokemon Engine\Debug\link.6932-cvtres.read.1.tlog
C:\Users\Creator\documents\visual studio 2010\Projects\Pokemon Engine\Pokemon Engine\Debug\link.6932-cvtres.write.1.tlog
C:\Users\Creator\documents\visual studio 2010\Projects\Pokemon Engine\Pokemon Engine\Debug\link.7440.read.1.tlog
C:\Users\Creator\documents\visual studio 2010\Projects\Pokemon Engine\Pokemon Engine\Debug\link.7440.write.1.tlog
C:\Users\Creator\documents\visual studio 2010\Projects\Pokemon Engine\Pokemon Engine\Debug\link.7440-cvtres.read.1.tlog
C:\Users\Creator\documents\visual studio 2010\Projects\Pokemon Engine\Pokemon Engine\Debug\link.7440-cvtres.write.1.tlog
C:\Users\Creator\documents\visual studio 2010\Projects\Pokemon Engine\Pokemon Engine\Debug\link.7664.read.1.tlog
C:\Users\Creator\documents\visual studio 2010\Projects\Pokemon Engine\Pokemon Engine\Debug\link.7664.write.1.tlog
C:\Users\Creator\documents\visual studio 2010\Projects\Pokemon Engine\Pokemon Engine\Debug\link.7664-cvtres.read.1.tlog
C:\Users\Creator\documents\visual studio 2010\Projects\Pokemon Engine\Pokemon Engine\Debug\link.7664-cvtres.write.1.tlog
C:\Users\Creator\documents\visual studio 2010\Projects\Pokemon Engine\Pokemon Engine\Debug\link.8632.read.1.tlog
C:\Users\Creator\documents\visual studio 2010\Projects\Pokemon Engine\Pokemon Engine\Debug\link.8632.write.1.tlog
C:\Users\Creator\documents\visual studio 2010\Projects\Pokemon Engine\Pokemon Engine\Debug\link.8632-cvtres.read.1.tlog
C:\Users\Creator\documents\visual studio 2010\Projects\Pokemon Engine\Pokemon Engine\Debug\link.8632-cvtres.write.1.tlog
C:\Users\Creator\documents\visual studio 2010\Projects\Pokemon Engine\Pokemon Engine\Debug\link.command.1.tlog
C:\Users\Creator\documents\visual studio 2010\Projects\Pokemon Engine\Pokemon Engine\Debug\link.read.1.tlog
C:\Users\Creator\documents\visual studio 2010\Projects\Pokemon Engine\Pokemon Engine\Debug\link.write.1.tlog
C:\Users\Creator\documents\visual studio 2010\Projects\Pokemon Engine\Pokemon Engine\Debug\link-cvtres.read.1.tlog
C:\Users\Creator\documents\visual studio 2010\Projects\Pokemon Engine\Pokemon Engine\Debug\link-cvtres.write.1.tlog
C:\USERS\CREATOR\DOCUMENTS\VISUAL STUDIO 2010\PROJECTS\POKEMON ENGINE\POKEMON ENGINE\DEBUG\MOVE.OBJ
C:\Users\Creator\documents\visual studio 2010\Projects\Pokemon Engine\Pokemon Engine\Debug\mt.command.1.tlog
C:\Users\Creator\documents\visual studio 2010\Projects\Pokemon Engine\Pokemon Engine\Debug\mt.read.1.tlog
C:\Users\Creator\documents\visual studio 2010\Projects\Pokemon Engine\Pokemon Engine\Debug\mt.write.1.tlog
C:\USERS\CREATOR\DOCUMENTS\VISUAL STUDIO 2010\PROJECTS\POKEMON ENGINE\POKEMON ENGINE\DEBUG\OVERWORLD.OBJ
C:\USERS\CREATOR\DOCUMENTS\VISUAL STUDIO 2010\PROJECTS\POKEMON ENGINE\POKEMON ENGINE\DEBUG\PARTICLE.OBJ
C:\USERS\CREATOR\DOCUMENTS\VISUAL STUDIO 2010\PROJECTS\POKEMON ENGINE\POKEMON ENGINE\DEBUG\PARTYMENU.OBJ
C:\USERS\CREATOR\DOCUMENTS\VISUAL STUDIO 2010\PROJECTS\POKEMON ENGINE\POKEMON ENGINE\DEBUG\PLAYER.OBJ
C:\USERS\CREATOR\DOCUMENTS\VISUAL STUDIO 2010\PROJECTS\POKEMON ENGINE\POKEMON ENGINE\DEBUG\POKEMON ENGINE.EXE.EMBED.MANIFEST
C:\USERS\CREATOR\DOCUMENTS\VISUAL STUDIO 2010\PROJECTS\POKEMON ENGINE\POKEMON ENGINE\DEBUG\POKEMON ENGINE.EXE.EMBED.MANIFEST.RES
C:\USERS\CREATOR\DOCUMENTS\VISUAL STUDIO 2010\PROJECTS\POKEMON ENGINE\POKEMON ENGINE\DEBUG\POKEMON ENGINE.EXE.INTERMEDIATE.MANIFEST
C:\USERS\CREATOR\DOCUMENTS\VISUAL STUDIO 2010\PROJECTS\POKEMON ENGINE\POKEMON ENGINE\DEBUG\POKEMON ENGINE.OBJ
C:\USERS\CREATOR\DOCUMENTS\VISUAL STUDIO 2010\PROJECTS\POKEMON ENGINE\POKEMON ENGINE\DEBUG\POKEMON ENGINE.PCH
C:\Users\Creator\documents\visual studio 2010\Projects\Pokemon Engine\Pokemon Engine\Debug\Pokemon Engine.vcxprojResolveAssemblyReference.cache
C:\Users\Creator\documents\visual studio 2010\Projects\Pokemon Engine\Pokemon Engine\Debug\Pokemon Engine.write.1.tlog
C:\Users\Creator\documents\visual studio 2010\Projects\Pokemon Engine\Pokemon Engine\Debug\Pokemon Engine_manifest.rc
C:\USERS\CREATOR\DOCUMENTS\VISUAL STUDIO 2010\PROJECTS\POKEMON ENGINE\POKEMON ENGINE\DEBUG\POKEMON.OBJ
C:\USERS\CREATOR\DOCUMENTS\VISUAL STUDIO 2010\PROJECTS\POKEMON ENGINE\POKEMON ENGINE\DEBUG\POKEMONBATTLE.OBJ
C:\USERS\CREATOR\DOCUMENTS\VISUAL STUDIO 2010\PROJECTS\POKEMON ENGINE\POKEMON ENGINE\DEBUG\POKEMONSUMMARYSCREEN.OBJ
C:\Users\Creator\documents\visual studio 2010\Projects\Pokemon Engine\Pokemon Engine\Debug\rc.command.1.tlog
C:\Users\Creator\documents\visual studio 2010\Projects\Pokemon Engine\Pokemon Engine\Debug\rc.read.1.tlog
C:\Users\Creator\documents\visual studio 2010\Projects\Pokemon Engine\Pokemon Engine\Debug\rc.write.1.tlog
C:\USERS\CREATOR\DOCUMENTS\VISUAL STUDIO 2010\PROJECTS\POKEMON ENGINE\POKEMON ENGINE\DEBUG\SCRIPTABLEOBJECT.OBJ
C:\USERS\CREATOR\DOCUMENTS\VISUAL STUDIO 2010\PROJECTS\POKEMON ENGINE\POKEMON ENGINE\DEBUG\STDAFX.OBJ
C:\USERS\CREATOR\DOCUMENTS\VISUAL STUDIO 2010\PROJECTS\POKEMON ENGINE\POKEMON ENGINE\DEBUG\TEXT.OBJ
C:\USERS\CREATOR\DOCUMENTS\VISUAL STUDIO 2010\PROJECTS\POKEMON ENGINE\POKEMON ENGINE\DEBUG\TILEMAP.OBJ
C:\USERS\CREATOR\DOCUMENTS\VISUAL STUDIO 2010\PROJECTS\POKEMON ENGINE\POKEMON ENGINE\DEBUG\TRAINER.OBJ
C:\USERS\CREATOR\DOCUMENTS\VISUAL STUDIO 2010\PROJECTS\POKEMON ENGINE\POKEMON ENGINE\DEBUG\TYPE.OBJ
C:\USERS\CREATOR\DOCUMENTS\VISUAL STUDIO 2010\PROJECTS\POKEMON ENGINE\POKEMON ENGINE\DEBUG\UTILS.OBJ
C:\Users\Creator\documents\visual studio 2010\Projects\Pokemon Engine\Pokemon Engine\Debug\vc100.idb
C:\USERS\CREATOR\DOCUMENTS\VISUAL STUDIO 2010\PROJECTS\POKEMON ENGINE\POKEMON ENGINE\DEBUG\VC100.PDB
