Build started 24/01/2015 12:58:50 PM.
     1>Project "C:\Users\Creator\documents\visual studio 2010\Projects\Pokemon Engine\Pokemon Engine\Pokemon Engine.vcxproj" on node 2 (build target(s)).
     1>InitializeBuildStatus:
         Creating "Debug\Pokemon Engine.unsuccessfulbuild" because "AlwaysCreate" was specified.
       ClCompile:
         All outputs are up-to-date.
         c:\Program Files (x86)\Microsoft Visual Studio 10.0\VC\bin\CL.exe /c /ZI /nologo /W2 /WX- /Od /Oy- /D WIN32 /D _CONSOLE /D _UNICODE /D UNICODE /Gm /EHsc /RTC1 /MD /GS /fp:precise /Zc:wchar_t /Zc:forScope /Yu"StdAfx.h" /Fp"Debug\Pokemon Engine.pch" /Fo"Debug\\" /Fd"Debug\vc100.pdb" /Gd /TP /analyze- /errorReport:prompt PokemonBattle.cpp
         PokemonBattle.cpp
       ManifestResourceCompile:
         All outputs are up-to-date.
       Link:
         c:\Program Files (x86)\Microsoft Visual Studio 10.0\VC\bin\link.exe /ERRORREPORT:PROMPT /OUT:"C:\Users\Creator\documents\visual studio 2010\Projects\Pokemon Engine\Debug\Pokemon Engine.exe" /INCREMENTAL /NOLOGO /LIBPATH:"C:\Users\Creator\Documents\Visual Studio 2010\Projects\Pokemon Engine\Pokemon Engine\lib" sdl2.lib sdl2main.lib SDL2_image.lib kernel32.lib user32.lib gdi32.lib winspool.lib comdlg32.lib advapi32.lib shell32.lib ole32.lib oleaut32.lib uuid.lib odbc32.lib odbccp32.lib /MANIFEST /ManifestFile:"Debug\Pokemon Engine.exe.intermediate.manifest" /MANIFESTUAC:"level='asInvoker' uiAccess='false'" /DEBUG /PDB:"C:\Users\Creator\documents\visual studio 2010\Projects\Pokemon Engine\Debug\Pokemon Engine.pdb" /SUBSYSTEM:WINDOWS /TLBID:1 /DYNAMICBASE /NXCOMPAT /IMPLIB:"C:\Users\Creator\documents\visual studio 2010\Projects\Pokemon Engine\Debug\Pokemon Engine.lib" /MACHINE:X86 "Debug\Pokemon Engine.exe.embed.manifest.res"
         Debug\Graphics_Main.obj
         Debug\move.obj
         Debug\Overworld.obj
         Debug\particle.obj
         Debug\PartyMenu.obj
         Debug\player.obj
         "Debug\Pokemon Engine.obj"
         Debug\Pokemon.obj
         Debug\PokemonBattle.obj
         Debug\PokemonSummaryScreen.obj
         Debug\ScriptableObject.obj
         Debug\stdafx.obj
         Debug\text.obj
         Debug\TileMap.obj
         Debug\trainer.obj
         Debug\type.obj
         Debug\utils.obj
         lib\x86\SDL2.lib
         lib\x86\SDL2main.lib
         lib\x86\SDL2test.lib
         lib\x86\SDL2_image.lib
         lib\x86\SDL2_ttf.lib
       Manifest:
         C:\Program Files (x86)\Microsoft SDKs\Windows\v7.0A\bin\mt.exe /nologo /verbose /out:"Debug\Pokemon Engine.exe.embed.manifest" /manifest "Debug\Pokemon Engine.exe.intermediate.manifest"
         All outputs are up-to-date.
       LinkEmbedManifest:
         All outputs are up-to-date.
         Pokemon Engine.vcxproj -> C:\Users\Creator\documents\visual studio 2010\Projects\Pokemon Engine\Debug\Pokemon Engine.exe
       FinalizeBuildStatus:
         Deleting file "Debug\Pokemon Engine.unsuccessfulbuild".
         Touching "Debug\Pokemon Engine.lastbuildstate".
     1>Done Building Project "C:\Users\Creator\documents\visual studio 2010\Projects\Pokemon Engine\Pokemon Engine\Pokemon Engine.vcxproj" (build target(s)).

Build succeeded.

Time Elapsed 00:00:00.99
